app/build/intermediates/manifest_merge_blame_file/debug/manifest-merger-blame-debug-report.txt
1<?xml version="1.0" encoding="utf-8"?>
2<manifest xmlns:android="http://schemas.android.com/apk/res/android"
3    package="com.example.musicplayer"
4    android:versionCode="1"
5    android:versionName="1.0" >
6
7    <uses-sdk
7-->src/main/AndroidManifest.xml:36:5-74
8        android:minSdkVersion="30"
8-->src/main/AndroidManifest.xml:36:15-41
9        android:targetSdkVersion="34" />
9-->src/main/AndroidManifest.xml:36:42-71
10
11    <uses-feature
11-->src/main/AndroidManifest.xml:4:5-92
12        android:name="android.hardware.type.automotive"
12-->src/main/AndroidManifest.xml:4:19-66
13        android:required="true" />
13-->src/main/AndroidManifest.xml:4:67-90
14
15    <uses-permission android:name="android.permission.INTERNET" />
15-->src/main/AndroidManifest.xml:37:5-66
15-->src/main/AndroidManifest.xml:37:22-64
16
17    <queries>
17-->[androidx.car.app:app-automotive:1.4.0] AndroidManifest.xml:23:5-27:15
18        <intent>
18-->[androidx.car.app:app-automotive:1.4.0] AndroidManifest.xml:24:9-26:18
19            <action android:name="android.car.template.host.RendererService" />
19-->[androidx.car.app:app-automotive:1.4.0] AndroidManifest.xml:25:13-80
19-->[androidx.car.app:app-automotive:1.4.0] AndroidManifest.xml:25:21-77
20        </intent>
21
22        <provider
22-->[androidx.car.app:app:1.4.0] AndroidManifest.xml:24:9-27:43
23            android:name="androidx.car.app.connection.provider"
23-->[androidx.car.app:app:1.4.0] AndroidManifest.xml:25:13-64
24            android:authorities="androidx.car.app.connection" />
24-->[androidx.car.app:app:1.4.0] AndroidManifest.xml:26:13-62
25    </queries>
26
27    <uses-permission android:name="android.permission.ACCESS_NETWORK_STATE" />
27-->[com.google.android.exoplayer:exoplayer-core:2.19.1] AndroidManifest.xml:24:5-79
27-->[com.google.android.exoplayer:exoplayer-core:2.19.1] AndroidManifest.xml:24:22-76
28
29    <permission
29-->[androidx.core:core:1.12.0] AndroidManifest.xml:22:5-24:47
30        android:name="com.example.musicplayer.DYNAMIC_RECEIVER_NOT_EXPORTED_PERMISSION"
30-->[androidx.core:core:1.12.0] AndroidManifest.xml:23:9-81
31        android:protectionLevel="signature" />
31-->[androidx.core:core:1.12.0] AndroidManifest.xml:24:9-44
32
33    <uses-permission android:name="com.example.musicplayer.DYNAMIC_RECEIVER_NOT_EXPORTED_PERMISSION" />
33-->[androidx.core:core:1.12.0] AndroidManifest.xml:26:5-97
33-->[androidx.core:core:1.12.0] AndroidManifest.xml:26:22-94
34
35    <application
35-->src/main/AndroidManifest.xml:6:5-34:19
36        android:allowBackup="true"
36-->src/main/AndroidManifest.xml:7:9-35
37        android:appComponentFactory="androidx.core.app.CoreComponentFactory"
37-->[androidx.core:core:1.12.0] AndroidManifest.xml:28:18-86
38        android:debuggable="true"
39        android:extractNativeLibs="false"
40        android:icon="@drawable/ic_music"
40-->src/main/AndroidManifest.xml:9:9-42
41        android:label="Music Player"
41-->src/main/AndroidManifest.xml:8:9-37
42        android:supportsRtl="true" >
42-->src/main/AndroidManifest.xml:10:9-35
43        <meta-data
43-->src/main/AndroidManifest.xml:12:9-14:59
44            android:name="com.android.automotive"
44-->src/main/AndroidManifest.xml:13:13-50
45            android:resource="@xml/automotive_app_desc" />
45-->src/main/AndroidManifest.xml:14:13-56
46
47        <activity
47-->src/main/AndroidManifest.xml:16:9-24:20
48            android:name="com.example.musicplayer.MainActivity"
48-->src/main/AndroidManifest.xml:17:13-41
49            android:exported="true"
49-->src/main/AndroidManifest.xml:18:13-36
50            android:theme="@android:style/Theme.NoDisplay" >
50-->src/main/AndroidManifest.xml:19:13-59
51            <intent-filter>
51-->src/main/AndroidManifest.xml:20:13-23:29
52                <action android:name="android.intent.action.MAIN" />
52-->src/main/AndroidManifest.xml:21:17-69
52-->src/main/AndroidManifest.xml:21:25-66
53
54                <category android:name="android.intent.category.LAUNCHER" />
54-->src/main/AndroidManifest.xml:22:17-77
54-->src/main/AndroidManifest.xml:22:27-74
55            </intent-filter>
56        </activity>
57
58        <service
58-->src/main/AndroidManifest.xml:26:9-33:19
59            android:name="com.example.musicplayer.VideoCarAppService"
59-->src/main/AndroidManifest.xml:27:13-47
60            android:exported="true" >
60-->src/main/AndroidManifest.xml:28:13-36
61            <intent-filter>
61-->src/main/AndroidManifest.xml:29:13-32:29
62                <action android:name="androidx.car.app.CarAppService" />
62-->src/main/AndroidManifest.xml:30:17-73
62-->src/main/AndroidManifest.xml:30:25-70
63
64                <category android:name="androidx.car.app.category.VIDEO" />
64-->src/main/AndroidManifest.xml:31:17-76
64-->src/main/AndroidManifest.xml:31:27-73
65            </intent-filter>
66        </service>
67        <service
67-->[androidx.car.app:app-automotive:1.4.0] AndroidManifest.xml:34:9-47:19
68            android:name="androidx.car.app.CarAppMetadataHolderService"
68-->[androidx.car.app:app-automotive:1.4.0] AndroidManifest.xml:35:13-72
69            android:enabled="false"
69-->[androidx.car.app:app-automotive:1.4.0] AndroidManifest.xml:36:13-36
70            android:exported="false"
70-->[androidx.car.app:app-automotive:1.4.0] AndroidManifest.xml:37:13-37
71            android:process="" >
71-->[androidx.car.app:app-automotive:1.4.0] AndroidManifest.xml:38:13-31
72            <meta-data
72-->[androidx.car.app:app-automotive:1.4.0] AndroidManifest.xml:41:13-43:90
73                android:name="androidx.car.app.CarAppMetadataHolderService.CAR_HARDWARE_MANAGER"
73-->[androidx.car.app:app-automotive:1.4.0] AndroidManifest.xml:42:17-97
74                android:value="androidx.car.app.hardware.AutomotiveCarHardwareManager" />
74-->[androidx.car.app:app-automotive:1.4.0] AndroidManifest.xml:43:17-87
75            <meta-data
75-->[androidx.car.app:app-automotive:1.4.0] AndroidManifest.xml:44:13-46:85
76                android:name="androidx.car.app.CarAppMetadataHolderService.RESULT_MANAGER"
76-->[androidx.car.app:app-automotive:1.4.0] AndroidManifest.xml:45:17-91
77                android:value="androidx.car.app.activity.ResultManagerAutomotive" />
77-->[androidx.car.app:app-automotive:1.4.0] AndroidManifest.xml:46:17-82
78        </service>
79
80        <activity
80-->[androidx.car.app:app:1.4.0] AndroidManifest.xml:31:9-34:75
81            android:name="androidx.car.app.CarAppPermissionActivity"
81-->[androidx.car.app:app:1.4.0] AndroidManifest.xml:32:13-69
82            android:exported="false"
82-->[androidx.car.app:app:1.4.0] AndroidManifest.xml:33:13-37
83            android:theme="@android:style/Theme.Translucent.NoTitleBar" />
83-->[androidx.car.app:app:1.4.0] AndroidManifest.xml:34:13-72
84
85        <receiver
85-->[androidx.car.app:app:1.4.0] AndroidManifest.xml:36:9-38:40
86            android:name="androidx.car.app.notification.CarAppNotificationBroadcastReceiver"
86-->[androidx.car.app:app:1.4.0] AndroidManifest.xml:37:13-93
87            android:exported="false" />
87-->[androidx.car.app:app:1.4.0] AndroidManifest.xml:38:13-37
88    </application>
89
90</manifest>